2025-02-07 14:38:22,965 [Worker-5: Loading available Gradle versions] INFO  o.e.b.c.i.u.g.PublishedGradleVersions - Gradle version information cache is up-to-date. Trying to read.
2025-02-07 14:39:03,704 [Worker-30: Importing Maven projects] INFO  o.e.m.c.i.l.LifecycleMappingFactory - Using org.eclipse.m2e.jdt.JarLifecycleMapping lifecycle mapping for MavenProject: com.MIT:FIS10:0.0.1-SNAPSHOT @ D:\BACKUP\2025\JAN-MAY-2025\FIS\codebase\FIS10-PKA\FIS10\FIS10\pom.xml.
2025-02-07 14:39:06,012 [Worker-30: Importing Maven projects] INFO  o.e.m.j.i.AbstractJavaProjectConfigurator - Adding source folder /FIS10/src/main/java
2025-02-07 14:39:06,016 [Worker-30: Importing Maven projects] INFO  o.e.m.j.i.AbstractJavaProjectConfigurator - Adding resource folder /FIS10/src/main/resources
2025-02-07 14:39:06,019 [Worker-30: Importing Maven projects] INFO  o.e.m.j.i.AbstractJavaProjectConfigurator - Adding resource folder /FIS10/src/main/resources
2025-02-07 14:39:06,020 [Worker-30: Importing Maven projects] INFO  o.e.m.j.i.AbstractJavaProjectConfigurator - Adding source folder /FIS10/src/test/java
2025-02-07 14:39:06,022 [Worker-30: Importing Maven projects] INFO  o.e.m.j.i.AbstractJavaProjectConfigurator - Adding resource folder /FIS10/src/test/resources
2025-02-07 14:39:06,625 [Worker-30: Importing Maven projects] INFO  o.e.m.c.i.p.ProjectConfigurationManager - Imported and configured 1 project(s) in 7 sec
2025-02-07 14:39:06,682 [Worker-16: Updating Maven Project] INFO  o.e.m.c.i.p.ProjectConfigurationManager - Update started
2025-02-07 14:39:07,367 [Worker-16: Updating Maven Project] INFO  o.e.m.c.i.l.LifecycleMappingFactory - Using org.eclipse.m2e.jdt.JarLifecycleMapping lifecycle mapping for MavenProject: com.MIT:FIS10:0.0.1-SNAPSHOT @ D:\BACKUP\2025\JAN-MAY-2025\FIS\codebase\FIS10-PKA\FIS10\FIS10\pom.xml.
2025-02-07 14:39:08,634 [Worker-16: Updating Maven Project] INFO  o.e.m.j.i.AbstractJavaProjectConfigurator - Adding source folder /FIS10/src/main/java
2025-02-07 14:39:08,635 [Worker-16: Updating Maven Project] INFO  o.e.m.j.i.AbstractJavaProjectConfigurator - Adding resource folder /FIS10/src/main/resources
2025-02-07 14:39:08,636 [Worker-16: Updating Maven Project] INFO  o.e.m.j.i.AbstractJavaProjectConfigurator - Adding resource folder /FIS10/src/main/resources
2025-02-07 14:39:08,636 [Worker-16: Updating Maven Project] INFO  o.e.m.j.i.AbstractJavaProjectConfigurator - Adding source folder /FIS10/src/test/java
2025-02-07 14:39:08,637 [Worker-16: Updating Maven Project] INFO  o.e.m.j.i.AbstractJavaProjectConfigurator - Adding resource folder /FIS10/src/test/resources
2025-02-07 14:39:09,409 [Worker-16: Updating Maven Project] INFO  o.e.m.c.i.p.ProjectConfigurationManager - Update completed for 1 poms: local refresh takes 0.00 sec, refresh facades takes 1.00 sec, update config takes 0.00 sec 
2025-02-07 14:39:10,572 [Worker-18: Building] INFO  o.a.m.s.f.DefaultMavenResourcesFiltering - Copying 1 resource from src\main\resources to target\classes
2025-02-07 14:39:10,602 [Worker-18: Building] INFO  o.a.m.s.f.DefaultMavenResourcesFiltering - Copying 4 resources from src\main\resources to target\classes
2025-02-07 14:39:10,615 [Worker-18: Building] INFO  o.a.m.s.f.DefaultMavenResourcesFiltering - skip non existing resourceDirectory D:\BACKUP\2025\JAN-MAY-2025\FIS\codebase\FIS10-PKA\FIS10\FIS10\src\test\resources
2025-02-07 15:21:38,706 [Worker-32: Building] INFO  o.a.m.s.f.DefaultMavenResourcesFiltering - Copying 0 resource from src\main\resources to target\classes
2025-02-07 15:21:38,707 [Worker-32: Building] INFO  o.a.m.s.f.DefaultMavenResourcesFiltering - Copying 1 resource from src\main\resources to target\classes
2025-02-07 15:21:38,711 [Worker-32: Building] INFO  o.a.m.s.f.DefaultMavenResourcesFiltering - skip non existing resourceDirectory D:\BACKUP\2025\JAN-MAY-2025\FIS\codebase\FIS10-PKA\FIS10\FIS10\src\test\resources
2025-02-07 15:23:15,869 [Worker-32: Building] INFO  o.a.m.s.f.DefaultMavenResourcesFiltering - Copying 1 resource from src\main\resources to target\classes
2025-02-07 15:23:15,874 [Worker-32: Building] INFO  o.a.m.s.f.DefaultMavenResourcesFiltering - Copying 4 resources from src\main\resources to target\classes
2025-02-07 15:23:15,878 [Worker-32: Building] INFO  o.a.m.s.f.DefaultMavenResourcesFiltering - skip non existing resourceDirectory D:\BACKUP\2025\JAN-MAY-2025\FIS\codebase\FIS10-PKA\FIS10\FIS10\src\test\resources
